{"message":"server started at http://localhost:3000","level":"info"}
{"level":"warn","message":"unsupported route: /__webpack_hmr; error: {\"code\":404}"}
{"level":"warn","message":"unsupported route: /__webpack_hmr; error: {\"code\":404}"}
{"level":"warn","message":"unsupported route: /__webpack_hmr; error: {\"code\":404}"}
{"level":"warn","message":"unsupported route: /__webpack_hmr; error: {\"code\":404}"}
{"message":"server started at http://localhost:3000","level":"info"}
{"message":"server started at http://localhost:3000","level":"info"}
{"message":"server started at http://localhost:3000","level":"info"}
{"message":"server started at http://localhost:3000","level":"info"}
{"level":"warn","message":"unsupported route: /sw.js; error: {\"code\":404}"}
{"level":"warn","message":"unsupported route: /sw.js; error: {\"code\":404}"}
{"level":"warn","message":"unsupported route: /sw.js; error: {\"code\":404}"}
{"level":"warn","message":"unsupported route: /sw.js; error: {\"code\":404}"}
{"message":"server started at http://localhost:3000","level":"info"}
{"level":"warn","message":"unsupported route: /sw.js; error: {\"code\":404}"}
{"level":"warn","message":"unsupported route: /sw.js; error: {\"code\":404}"}
{"level":"warn","message":"unsupported route: /sw.js; error: {\"code\":404}"}
{"message":"server started at http://localhost:3000","level":"info"}
{"level":"warn","message":"unsupported route: /sw.js; error: {\"code\":404}"}
{"level":"warn","message":"unsupported route: /sw.js; error: {\"code\":404}"}
{"level":"warn","message":"unsupported route: /sw.js; error: {\"code\":404}"}
{"level":"warn","message":"unsupported route: /sw.js; error: {\"code\":404}"}
{"level":"warn","message":"unsupported route: /sw.js; error: {\"code\":404}"}
{"message":"server started at http://localhost:3000","level":"info"}
{"level":"warn","message":"unsupported route: /sw.js; error: {\"code\":404}"}
{"level":"warn","message":"unsupported route: /sw.js; error: {\"code\":404}"}
{"level":"warn","message":"unsupported route: /sw.js; error: {\"code\":404}"}
{"message":"server started at http://localhost:3000","level":"info"}
{"level":"warn","message":"unsupported route: /client/107631dc96787a763543.hot-update.json; error: {\"code\":404}"}
{"level":"warn","message":"unsupported route: /client/107631dc96787a763543.hot-update.json; error: {\"code\":404}"}
{"level":"warn","message":"unsupported route: /client/107631dc96787a763543.hot-update.json; error: {\"code\":404}"}
{"level":"warn","message":"unsupported route: /sw.js; error: {\"code\":404}"}
{"message":"server started at http://localhost:3000","level":"info"}
{"message":"server started at http://localhost:3000","level":"info"}
{"level":"warn","message":"unsupported route: /client/de49c72a4ed02edaa63d.hot-update.json; error: {\"code\":404}"}
{"level":"warn","message":"unsupported route: /client/de49c72a4ed02edaa63d.hot-update.json; error: {\"code\":404}"}
{"message":"server started at http://localhost:3000","level":"info"}
{"message":"server started at http://localhost:3000","level":"info"}
{"message":"server started at http://localhost:3000","level":"info"}
{"message":"server started at http://localhost:3000","level":"info"}
{"level":"warn","message":"unsupported route: /__webpack_hmr; error: {\"code\":404}"}
{"message":"server started at http://localhost:3000","level":"info"}
{"level":"warn","message":"unsupported route: /sw.js; error: {\"code\":404}"}
{"level":"warn","message":"unsupported route: /sw.js; error: {\"code\":404}"}
{"level":"warn","message":"unsupported route: /sw.js; error: {\"code\":404}"}
{"level":"warn","message":"unsupported route: /sw.js; error: {\"code\":404}"}
{"level":"warn","message":"unsupported route: /sw.js; error: {\"code\":404}"}
{"level":"warn","message":"unsupported route: /sw.js; error: {\"code\":404}"}
{"level":"warn","message":"unsupported route: /sw.js; error: {\"code\":404}"}
{"message":"server started at http://localhost:3000","level":"info"}
{"level":"warn","message":"unsupported route: /sw.js; error: {\"code\":404}"}
{"level":"warn","message":"unsupported route: /sw.js; error: {\"code\":404}"}
{"level":"warn","message":"unsupported route: /sw.js; error: {\"code\":404}"}
{"message":"server started at http://localhost:3000","level":"info"}
{"level":"warn","message":"unsupported route: /sw.js; error: {\"code\":404}"}
{"level":"warn","message":"unsupported route: /sw.js; error: {\"code\":404}"}
{"level":"warn","message":"unsupported route: /sw.js; error: {\"code\":404}"}
{"level":"warn","message":"unsupported route: /sw.js; error: {\"code\":404}"}
{"message":"server started at http://localhost:3000","level":"info"}
{"message":"server started at http://localhost:3000","level":"info"}
{"message":"server started at http://localhost:3000","level":"info"}
{"message":"server started at http://localhost:3000","level":"info"}
{"level":"warn","message":"unsupported route: /client/a3ab2130baa7d16ef331.hot-update.json; error: {\"code\":404}"}
{"level":"warn","message":"unsupported route: /client/a3ab2130baa7d16ef331.hot-update.json; error: {\"code\":404}"}
{"level":"warn","message":"unsupported route: /client/a3ab2130baa7d16ef331.hot-update.json; error: {\"code\":404}"}
{"level":"warn","message":"unsupported route: /client/a3ab2130baa7d16ef331.hot-update.json; error: {\"code\":404}"}
{"message":"server started at http://localhost:3000","level":"info"}
{"level":"warn","message":"unsupported route: /client/a3ab2130baa7d16ef331.hot-update.json; error: {\"code\":404}"}
{"level":"warn","message":"unsupported route: /dzdz; error: {\"code\":404}"}
